0 info it worked if it ends with ok
1 verbose cli [ '/usr/local/bin/node',
1 verbose cli   '/usr/local/bin/npm',
1 verbose cli   'run',
1 verbose cli   'ios-simple' ]
2 info using npm@3.10.8
3 info using node@v6.9.1
4 verbose run-script [ 'preios-simple', 'ios-simple', 'postios-simple' ]
5 info lifecycle appium-sample-code@1.0.0~preios-simple: appium-sample-code@1.0.0
6 silly lifecycle appium-sample-code@1.0.0~preios-simple: no script for preios-simple, continuing
7 info lifecycle appium-sample-code@1.0.0~ios-simple: appium-sample-code@1.0.0
8 verbose lifecycle appium-sample-code@1.0.0~ios-simple: unsafe-perm in lifecycle true
9 verbose lifecycle appium-sample-code@1.0.0~ios-simple: PATH: /usr/local/lib/node_modules/npm/bin/node-gyp-bin:/Users/mumpiko/dev/appium-workspace/sample-code/sample-code/examples/node/node_modules/.bin:/Users/mumpiko/.fastlane/bin:/usr/local/bin:/usr/bin:/bin:/usr/sbin:/sbin:/Users/mumpiko/Library/Android/sdk/tools:/Users/mumpiko/Library/Android/sdk/platform-tools:/Library/Java/JavaVirtualMachines/jdk1.8.0_111.jdk/Contents/Home/bin:/Applications/apache-maven-3.3.9/bin
10 verbose lifecycle appium-sample-code@1.0.0~ios-simple: CWD: /Users/mumpiko/dev/appium-workspace/sample-code/sample-code/examples/node
11 silly lifecycle appium-sample-code@1.0.0~ios-simple: Args: [ '-c', 'mocha ios-simple.js' ]
12 silly lifecycle appium-sample-code@1.0.0~ios-simple: Returned: code: 2  signal: null
13 info lifecycle appium-sample-code@1.0.0~ios-simple: Failed to exec ios-simple script
14 verbose stack Error: appium-sample-code@1.0.0 ios-simple: `mocha ios-simple.js`
14 verbose stack Exit status 2
14 verbose stack     at EventEmitter.<anonymous> (/usr/local/lib/node_modules/npm/lib/utils/lifecycle.js:255:16)
14 verbose stack     at emitTwo (events.js:106:13)
14 verbose stack     at EventEmitter.emit (events.js:191:7)
14 verbose stack     at ChildProcess.<anonymous> (/usr/local/lib/node_modules/npm/lib/utils/spawn.js:40:14)
14 verbose stack     at emitTwo (events.js:106:13)
14 verbose stack     at ChildProcess.emit (events.js:191:7)
14 verbose stack     at maybeClose (internal/child_process.js:877:16)
14 verbose stack     at Process.ChildProcess._handle.onexit (internal/child_process.js:226:5)
15 verbose pkgid appium-sample-code@1.0.0
16 verbose cwd /Users/mumpiko/dev/appium-workspace/sample-code/sample-code/examples/node
17 error Darwin 16.1.0
18 error argv "/usr/local/bin/node" "/usr/local/bin/npm" "run" "ios-simple"
19 error node v6.9.1
20 error npm  v3.10.8
21 error code ELIFECYCLE
22 error appium-sample-code@1.0.0 ios-simple: `mocha ios-simple.js`
22 error Exit status 2
23 error Failed at the appium-sample-code@1.0.0 ios-simple script 'mocha ios-simple.js'.
23 error Make sure you have the latest version of node.js and npm installed.
23 error If you do, this is most likely a problem with the appium-sample-code package,
23 error not with npm itself.
23 error Tell the author that this fails on your system:
23 error     mocha ios-simple.js
23 error You can get information on how to open an issue for this project with:
23 error     npm bugs appium-sample-code
23 error Or if that isn't available, you can get their info via:
23 error     npm owner ls appium-sample-code
23 error There is likely additional logging output above.
24 verbose exit [ 1, true ]
